{"contracts/EternalStorage.sol":{"l":{"29":0,"40":20,"47":0,"49":0,"56":107,"63":1,"70":0,"77":0,"79":0,"91":42,"99":24,"107":165,"115":3,"123":0,"131":0,"142":0,"149":0,"151":0,"158":0,"165":0,"172":0,"179":0},"path":"/mnt/d/Projects/PanDAO/pandao-contracts/contracts/EternalStorage.sol","s":{"1":20,"2":0,"3":0,"4":107,"5":1,"6":0,"7":0,"8":0,"9":42,"10":24,"11":165,"12":3,"13":0,"14":0,"15":0},"b":{"1":[0,0],"2":[0,0],"3":[0,0]},"f":{"1":0,"2":20,"3":0,"4":107,"5":1,"6":0,"7":0,"8":42,"9":24,"10":165,"11":3,"12":0,"13":0,"14":0,"15":0,"16":0,"17":0,"18":0,"19":0},"fnMap":{"1":{"name":"onlyCurrentImplementation","line":28,"loc":{"start":{"line":28,"column":2},"end":{"line":28,"column":38}}},"2":{"name":"getUint","line":39,"loc":{"start":{"line":39,"column":2},"end":{"line":39,"column":64}}},"3":{"name":"getString","line":46,"loc":{"start":{"line":46,"column":2},"end":{"line":46,"column":72}}},"4":{"name":"getAddress","line":55,"loc":{"start":{"line":55,"column":2},"end":{"line":55,"column":67}}},"5":{"name":"getBool","line":62,"loc":{"start":{"line":62,"column":2},"end":{"line":62,"column":61}}},"6":{"name":"getInt","line":69,"loc":{"start":{"line":69,"column":2},"end":{"line":69,"column":62}}},"7":{"name":"getBytes","line":76,"loc":{"start":{"line":76,"column":2},"end":{"line":76,"column":70}}},"8":{"name":"setUint","line":90,"loc":{"start":{"line":90,"column":2},"end":{"line":90,"column":57}}},"9":{"name":"setString","line":98,"loc":{"start":{"line":98,"column":2},"end":{"line":98,"column":67}}},"10":{"name":"setAddress","line":106,"loc":{"start":{"line":106,"column":2},"end":{"line":106,"column":60}}},"11":{"name":"setBool","line":114,"loc":{"start":{"line":114,"column":2},"end":{"line":114,"column":54}}},"12":{"name":"setInt","line":122,"loc":{"start":{"line":122,"column":2},"end":{"line":122,"column":55}}},"13":{"name":"setBytes","line":130,"loc":{"start":{"line":130,"column":2},"end":{"line":130,"column":65}}},"14":{"name":"deleteUint","line":141,"loc":{"start":{"line":141,"column":2},"end":{"line":141,"column":44}}},"15":{"name":"deleteString","line":148,"loc":{"start":{"line":148,"column":2},"end":{"line":148,"column":46}}},"16":{"name":"deleteAddress","line":157,"loc":{"start":{"line":157,"column":2},"end":{"line":157,"column":47}}},"17":{"name":"deleteBool","line":164,"loc":{"start":{"line":164,"column":2},"end":{"line":164,"column":44}}},"18":{"name":"deleteInt","line":171,"loc":{"start":{"line":171,"column":2},"end":{"line":171,"column":43}}},"19":{"name":"deleteBytes","line":178,"loc":{"start":{"line":178,"column":2},"end":{"line":178,"column":45}}}},"statementMap":{"1":{"start":{"line":40,"column":4},"end":{"line":40,"column":30}},"2":{"start":{"line":47,"column":4},"end":{"line":47,"column":48}},"3":{"start":{"line":49,"column":4},"end":{"line":49,"column":32}},"4":{"start":{"line":56,"column":4},"end":{"line":56,"column":33}},"5":{"start":{"line":63,"column":4},"end":{"line":63,"column":30}},"6":{"start":{"line":70,"column":4},"end":{"line":70,"column":29}},"7":{"start":{"line":77,"column":4},"end":{"line":77,"column":48}},"8":{"start":{"line":79,"column":4},"end":{"line":79,"column":31}},"9":{"start":{"line":91,"column":4},"end":{"line":91,"column":31}},"10":{"start":{"line":99,"column":4},"end":{"line":99,"column":33}},"11":{"start":{"line":107,"column":4},"end":{"line":107,"column":34}},"12":{"start":{"line":115,"column":4},"end":{"line":115,"column":31}},"13":{"start":{"line":123,"column":4},"end":{"line":123,"column":30}},"14":{"start":{"line":131,"column":4},"end":{"line":131,"column":32}},"15":{"start":{"line":149,"column":4},"end":{"line":149,"column":48}}},"branchMap":{"1":{"line":47,"type":"if","locations":[{"start":{"line":47,"column":4},"end":{"line":47,"column":4}},{"start":{"line":47,"column":4},"end":{"line":47,"column":4}}]},"2":{"line":77,"type":"if","locations":[{"start":{"line":77,"column":4},"end":{"line":77,"column":4}},{"start":{"line":77,"column":4},"end":{"line":77,"column":4}}]},"3":{"line":149,"type":"if","locations":[{"start":{"line":149,"column":4},"end":{"line":149,"column":4}},{"start":{"line":149,"column":4},"end":{"line":149,"column":4}}]}}},"contracts/factories/TokenFactory.sol":{"l":{"12":3,"19":12,"36":12},"path":"/mnt/d/Projects/PanDAO/pandao-contracts/contracts/factories/TokenFactory.sol","s":{"1":3,"2":12,"3":12},"b":{},"f":{"1":3,"2":12},"fnMap":{"1":{"name":"constructor","line":11,"loc":{"start":{"line":11,"column":2},"end":{"line":11,"column":52}}},"2":{"name":"createTokens","line":15,"loc":{"start":{"line":15,"column":2},"end":{"line":18,"column":3}}}},"statementMap":{"1":{"start":{"line":12,"column":4},"end":{"line":12,"column":49}},"2":{"start":{"line":19,"column":4},"end":{"line":19,"column":483}},"3":{"start":{"line":36,"column":4},"end":{"line":36,"column":17}}},"branchMap":{}},"contracts/InsurancePool.sol":{"l":{"53":13,"55":13,"59":13,"61":12,"69":12,"71":12,"75":12,"77":12,"88":12,"101":6,"104":6,"108":6,"109":6,"111":6,"112":6,"113":6,"115":6,"122":6,"131":0,"134":0,"137":0,"139":0,"145":0,"151":0,"152":0,"154":0,"155":0,"156":0,"157":0,"159":0,"160":0,"161":0,"169":3,"172":3,"176":3,"177":3,"179":3,"180":3,"181":3,"183":3,"190":3},"path":"/mnt/d/Projects/PanDAO/pandao-contracts/contracts/InsurancePool.sol","s":{"1":13,"2":13,"3":13,"4":12,"5":12,"6":12,"7":12,"8":12,"9":12,"10":6,"11":6,"12":6,"13":6,"14":6,"15":6,"16":6,"17":6,"18":6,"19":0,"20":0,"21":0,"22":0,"23":0,"24":0,"25":0,"26":0,"27":0,"28":0,"29":0,"30":0,"31":0,"32":0,"33":3,"34":3,"35":3,"36":3,"37":3,"38":3,"39":3,"40":3,"41":3},"b":{"1":[12,1],"2":[12,0]},"f":{"1":13,"2":6,"3":0,"4":0,"5":0,"6":3,"7":0},"fnMap":{"1":{"name":"constructor","line":46,"loc":{"start":{"line":46,"column":2},"end":{"line":52,"column":12}}},"2":{"name":"addLiquidity","line":100,"loc":{"start":{"line":100,"column":2},"end":{"line":100,"column":90}}},"3":{"name":"buyInsurance","line":130,"loc":{"start":{"line":130,"column":2},"end":{"line":130,"column":74}}},"4":{"name":"payPremium","line":164,"loc":{"start":{"line":164,"column":2},"end":{"line":164,"column":30}}},"5":{"name":"createClaim","line":166,"loc":{"start":{"line":166,"column":2},"end":{"line":166,"column":31}}},"6":{"name":"removeLiquidity","line":168,"loc":{"start":{"line":168,"column":2},"end":{"line":168,"column":93}}},"7":{"name":"settlement","line":198,"loc":{"start":{"line":198,"column":2},"end":{"line":198,"column":30}}}},"statementMap":{"1":{"start":{"line":53,"column":4},"end":{"line":53,"column":58}},"2":{"start":{"line":55,"column":4},"end":{"line":55,"column":1691}},"3":{"start":{"line":59,"column":4},"end":{"line":59,"column":96}},"4":{"start":{"line":61,"column":4},"end":{"line":61,"column":1950}},"5":{"start":{"line":69,"column":4},"end":{"line":69,"column":83}},"6":{"start":{"line":71,"column":4},"end":{"line":71,"column":2311}},"7":{"start":{"line":75,"column":4},"end":{"line":75,"column":94}},"8":{"start":{"line":77,"column":4},"end":{"line":77,"column":2560}},"9":{"start":{"line":88,"column":4},"end":{"line":88,"column":2798}},"10":{"start":{"line":101,"column":4},"end":{"line":101,"column":3276}},"11":{"start":{"line":104,"column":4},"end":{"line":104,"column":3427}},"12":{"start":{"line":108,"column":4},"end":{"line":108,"column":51}},"13":{"start":{"line":109,"column":4},"end":{"line":109,"column":79}},"14":{"start":{"line":111,"column":4},"end":{"line":111,"column":73}},"15":{"start":{"line":112,"column":4},"end":{"line":112,"column":58}},"16":{"start":{"line":113,"column":4},"end":{"line":113,"column":76}},"17":{"start":{"line":115,"column":4},"end":{"line":115,"column":3948}},"18":{"start":{"line":122,"column":4},"end":{"line":122,"column":4092}},"19":{"start":{"line":131,"column":4},"end":{"line":131,"column":4316}},"20":{"start":{"line":134,"column":4},"end":{"line":134,"column":4467}},"21":{"start":{"line":137,"column":4},"end":{"line":137,"column":90}},"22":{"start":{"line":139,"column":4},"end":{"line":139,"column":4717}},"23":{"start":{"line":145,"column":4},"end":{"line":145,"column":4904}},"24":{"start":{"line":151,"column":4},"end":{"line":151,"column":66}},"25":{"start":{"line":152,"column":4},"end":{"line":152,"column":65}},"26":{"start":{"line":154,"column":4},"end":{"line":154,"column":51}},"27":{"start":{"line":155,"column":4},"end":{"line":155,"column":58}},"28":{"start":{"line":156,"column":4},"end":{"line":156,"column":75}},"29":{"start":{"line":157,"column":4},"end":{"line":157,"column":44}},"30":{"start":{"line":159,"column":4},"end":{"line":159,"column":67}},"31":{"start":{"line":160,"column":4},"end":{"line":160,"column":40}},"32":{"start":{"line":161,"column":4},"end":{"line":161,"column":58}},"33":{"start":{"line":169,"column":4},"end":{"line":169,"column":5830}},"34":{"start":{"line":172,"column":4},"end":{"line":172,"column":5981}},"35":{"start":{"line":176,"column":4},"end":{"line":176,"column":51}},"36":{"start":{"line":177,"column":4},"end":{"line":177,"column":60}},"37":{"start":{"line":179,"column":4},"end":{"line":179,"column":73}},"38":{"start":{"line":180,"column":4},"end":{"line":180,"column":81}},"39":{"start":{"line":181,"column":4},"end":{"line":181,"column":31}},"40":{"start":{"line":183,"column":4},"end":{"line":183,"column":6461}},"41":{"start":{"line":190,"column":4},"end":{"line":190,"column":6608}}},"branchMap":{"1":{"line":59,"type":"if","locations":[{"start":{"line":59,"column":4},"end":{"line":59,"column":4}},{"start":{"line":59,"column":4},"end":{"line":59,"column":4}}]},"2":{"line":69,"type":"if","locations":[{"start":{"line":69,"column":4},"end":{"line":69,"column":4}},{"start":{"line":69,"column":4},"end":{"line":69,"column":4}}]}}},"contracts/lib/PoolsHelper.sol":{"l":{"19":12,"24":12,"31":12,"33":12,"44":12,"49":12,"56":12,"58":12},"path":"/mnt/d/Projects/PanDAO/pandao-contracts/contracts/lib/PoolsHelper.sol","s":{"1":12,"2":12,"3":12,"4":12,"5":12,"6":12,"7":12,"8":12},"b":{},"f":{"1":12,"2":12},"fnMap":{"1":{"name":"createClaimsToken","line":14,"loc":{"start":{"line":14,"column":2},"end":{"line":18,"column":51}}},"2":{"name":"createLiquidityToken","line":39,"loc":{"start":{"line":39,"column":2},"end":{"line":43,"column":54}}}},"statementMap":{"1":{"start":{"line":19,"column":4},"end":{"line":19,"column":628}},"2":{"start":{"line":24,"column":4},"end":{"line":24,"column":757}},"3":{"start":{"line":31,"column":4},"end":{"line":31,"column":85}},"4":{"start":{"line":33,"column":4},"end":{"line":33,"column":22}},"5":{"start":{"line":44,"column":4},"end":{"line":44,"column":1407}},"6":{"start":{"line":49,"column":4},"end":{"line":49,"column":1542}},"7":{"start":{"line":56,"column":4},"end":{"line":56,"column":94}},"8":{"start":{"line":58,"column":4},"end":{"line":58,"column":25}}},"branchMap":{}},"contracts/lib/SafeMath.sol":{"l":{"30":0,"31":0,"33":0,"47":0,"65":0,"66":0,"68":0,"85":0,"86":0,"89":0,"90":0,"92":0,"108":0,"128":0,"129":0,"132":0,"148":0,"168":0,"169":0},"path":"/mnt/d/Projects/PanDAO/pandao-contracts/contracts/lib/SafeMath.sol","s":{"1":0,"2":0,"3":0,"4":0,"5":0,"6":0,"7":0,"8":0,"9":0,"10":0,"11":0,"12":0,"13":0,"14":0,"15":0,"16":0,"17":0,"18":0,"19":0},"b":{"1":[0,0],"2":[0,0],"3":[0,0],"4":[0,0],"5":[0,0],"6":[0,0]},"f":{"1":0,"2":0,"3":0,"4":0,"5":0,"6":0,"7":0,"8":0},"fnMap":{"1":{"name":"add","line":29,"loc":{"start":{"line":29,"column":2},"end":{"line":29,"column":68}}},"2":{"name":"sub","line":46,"loc":{"start":{"line":46,"column":2},"end":{"line":46,"column":68}}},"3":{"name":"sub","line":60,"loc":{"start":{"line":60,"column":2},"end":{"line":64,"column":37}}},"4":{"name":"mul","line":81,"loc":{"start":{"line":81,"column":2},"end":{"line":81,"column":68}}},"5":{"name":"div","line":107,"loc":{"start":{"line":107,"column":2},"end":{"line":107,"column":68}}},"6":{"name":"div","line":123,"loc":{"start":{"line":123,"column":2},"end":{"line":127,"column":37}}},"7":{"name":"mod","line":147,"loc":{"start":{"line":147,"column":2},"end":{"line":147,"column":68}}},"8":{"name":"mod","line":163,"loc":{"start":{"line":163,"column":2},"end":{"line":167,"column":37}}}},"statementMap":{"1":{"start":{"line":30,"column":4},"end":{"line":30,"column":21}},"2":{"start":{"line":31,"column":4},"end":{"line":31,"column":49}},"3":{"start":{"line":33,"column":4},"end":{"line":33,"column":12}},"4":{"start":{"line":47,"column":4},"end":{"line":47,"column":54}},"5":{"start":{"line":65,"column":4},"end":{"line":65,"column":32}},"6":{"start":{"line":66,"column":4},"end":{"line":66,"column":21}},"7":{"start":{"line":68,"column":4},"end":{"line":68,"column":12}},"8":{"start":{"line":85,"column":4},"end":{"line":85,"column":2442}},"9":{"start":{"line":86,"column":6},"end":{"line":86,"column":14}},"10":{"start":{"line":89,"column":4},"end":{"line":89,"column":21}},"11":{"start":{"line":90,"column":4},"end":{"line":90,"column":59}},"12":{"start":{"line":92,"column":4},"end":{"line":92,"column":12}},"13":{"start":{"line":108,"column":4},"end":{"line":108,"column":50}},"14":{"start":{"line":128,"column":4},"end":{"line":128,"column":31}},"15":{"start":{"line":129,"column":4},"end":{"line":129,"column":21}},"16":{"start":{"line":132,"column":4},"end":{"line":132,"column":12}},"17":{"start":{"line":148,"column":4},"end":{"line":148,"column":48}},"18":{"start":{"line":168,"column":4},"end":{"line":168,"column":32}},"19":{"start":{"line":169,"column":4},"end":{"line":169,"column":16}}},"branchMap":{"1":{"line":31,"type":"if","locations":[{"start":{"line":31,"column":4},"end":{"line":31,"column":4}},{"start":{"line":31,"column":4},"end":{"line":31,"column":4}}]},"2":{"line":65,"type":"if","locations":[{"start":{"line":65,"column":4},"end":{"line":65,"column":4}},{"start":{"line":65,"column":4},"end":{"line":65,"column":4}}]},"3":{"line":85,"type":"if","locations":[{"start":{"line":85,"column":4},"end":{"line":85,"column":4}},{"start":{"line":85,"column":4},"end":{"line":85,"column":4}}]},"4":{"line":90,"type":"if","locations":[{"start":{"line":90,"column":4},"end":{"line":90,"column":4}},{"start":{"line":90,"column":4},"end":{"line":90,"column":4}}]},"5":{"line":128,"type":"if","locations":[{"start":{"line":128,"column":4},"end":{"line":128,"column":4}},{"start":{"line":128,"column":4},"end":{"line":128,"column":4}}]},"6":{"line":168,"type":"if","locations":[{"start":{"line":168,"column":4},"end":{"line":168,"column":4}},{"start":{"line":168,"column":4},"end":{"line":168,"column":4}}]}}},"contracts/lib/StorageHelper.sol":{"l":{"22":12,"26":12,"27":12,"33":12,"37":12,"42":12,"66":12,"70":12,"74":12,"78":12,"82":12,"86":12,"90":12,"94":12,"107":6,"110":6,"111":6,"116":6,"123":6,"124":6,"125":6,"134":3,"137":3,"138":3,"143":3,"150":3,"151":3,"152":3,"161":257,"165":0,"173":0,"181":36,"189":0,"194":8},"path":"/mnt/d/Projects/PanDAO/pandao-contracts/contracts/lib/StorageHelper.sol","s":{"1":12,"2":12,"3":12,"4":12,"5":12,"6":12,"7":12,"8":12,"9":12,"10":12,"11":12,"12":12,"13":12,"14":12,"15":6,"16":6,"17":6,"18":6,"19":6,"20":6,"21":6,"22":3,"23":3,"24":3,"25":3,"26":3,"27":3,"28":3,"29":257,"30":0,"31":0,"32":36,"33":0,"34":8},"b":{},"f":{"1":12,"2":12,"3":6,"4":3,"5":257,"6":0,"7":0,"8":36,"9":0,"10":8},"fnMap":{"1":{"name":"initializeInsurancePool","line":14,"loc":{"start":{"line":14,"column":2},"end":{"line":20,"column":29}}},"2":{"name":"saveInsurancePool","line":55,"loc":{"start":{"line":55,"column":2},"end":{"line":64,"column":14}}},"3":{"name":"addLiquidity","line":101,"loc":{"start":{"line":101,"column":2},"end":{"line":106,"column":14}}},"4":{"name":"removeLiquidity","line":128,"loc":{"start":{"line":128,"column":2},"end":{"line":133,"column":14}}},"5":{"name":"formatAddress","line":156,"loc":{"start":{"line":156,"column":2},"end":{"line":160,"column":3}}},"6":{"name":"formatBool","line":164,"loc":{"start":{"line":164,"column":2},"end":{"line":164,"column":98}}},"7":{"name":"formatInt","line":168,"loc":{"start":{"line":168,"column":2},"end":{"line":172,"column":3}}},"8":{"name":"formatString","line":176,"loc":{"start":{"line":176,"column":2},"end":{"line":180,"column":3}}},"9":{"name":"formatUint","line":184,"loc":{"start":{"line":184,"column":2},"end":{"line":188,"column":3}}},"10":{"name":"formatGet","line":193,"loc":{"start":{"line":193,"column":2},"end":{"line":193,"column":77}}}},"statementMap":{"1":{"start":{"line":22,"column":4},"end":{"line":22,"column":817}},"2":{"start":{"line":26,"column":4},"end":{"line":26,"column":93}},"3":{"start":{"line":27,"column":4},"end":{"line":27,"column":1042}},"4":{"start":{"line":33,"column":4},"end":{"line":33,"column":1232}},"5":{"start":{"line":37,"column":4},"end":{"line":37,"column":1360}},"6":{"start":{"line":42,"column":4},"end":{"line":42,"column":15}},"7":{"start":{"line":66,"column":4},"end":{"line":66,"column":2536}},"8":{"start":{"line":70,"column":4},"end":{"line":70,"column":2684}},"9":{"start":{"line":74,"column":4},"end":{"line":74,"column":2826}},"10":{"start":{"line":78,"column":4},"end":{"line":78,"column":2966}},"11":{"start":{"line":82,"column":4},"end":{"line":82,"column":3110}},"12":{"start":{"line":86,"column":4},"end":{"line":86,"column":3255}},"13":{"start":{"line":90,"column":4},"end":{"line":90,"column":3403}},"14":{"start":{"line":94,"column":4},"end":{"line":94,"column":3541}},"15":{"start":{"line":107,"column":4},"end":{"line":107,"column":3970}},"16":{"start":{"line":110,"column":4},"end":{"line":110,"column":46}},"17":{"start":{"line":111,"column":4},"end":{"line":111,"column":4143}},"18":{"start":{"line":116,"column":4},"end":{"line":116,"column":4276}},"19":{"start":{"line":123,"column":4},"end":{"line":123,"column":70}},"20":{"start":{"line":124,"column":4},"end":{"line":124,"column":54}},"21":{"start":{"line":125,"column":4},"end":{"line":125,"column":67}},"22":{"start":{"line":134,"column":4},"end":{"line":134,"column":4883}},"23":{"start":{"line":137,"column":4},"end":{"line":137,"column":46}},"24":{"start":{"line":138,"column":4},"end":{"line":138,"column":5056}},"25":{"start":{"line":143,"column":4},"end":{"line":143,"column":5189}},"26":{"start":{"line":150,"column":4},"end":{"line":150,"column":70}},"27":{"start":{"line":151,"column":4},"end":{"line":151,"column":54}},"28":{"start":{"line":152,"column":4},"end":{"line":152,"column":67}},"29":{"start":{"line":161,"column":4},"end":{"line":161,"column":58}},"30":{"start":{"line":165,"column":4},"end":{"line":165,"column":58}},"31":{"start":{"line":173,"column":4},"end":{"line":173,"column":58}},"32":{"start":{"line":181,"column":4},"end":{"line":181,"column":58}},"33":{"start":{"line":189,"column":4},"end":{"line":189,"column":58}},"34":{"start":{"line":194,"column":4},"end":{"line":194,"column":43}}},"branchMap":{}},"contracts/lib/StringHelper.sol":{"l":{"7":33,"12":9},"path":"/mnt/d/Projects/PanDAO/pandao-contracts/contracts/lib/StringHelper.sol","s":{"1":33,"2":9},"b":{},"f":{"1":33,"2":9},"fnMap":{"1":{"name":"concat","line":6,"loc":{"start":{"line":6,"column":2},"end":{"line":6,"column":89}}},"2":{"name":"toString","line":11,"loc":{"start":{"line":11,"column":2},"end":{"line":11,"column":74}}}},"statementMap":{"1":{"start":{"line":7,"column":4},"end":{"line":7,"column":41}},"2":{"start":{"line":12,"column":4},"end":{"line":12,"column":44}}},"branchMap":{}},"contracts/Manager.sol":{"l":{"24":8,"28":7,"33":12,"38":12,"46":27,"47":27,"62":7,"69":7,"77":6,"78":6,"79":6,"80":6,"82":6},"path":"/mnt/d/Projects/PanDAO/pandao-contracts/contracts/Manager.sol","s":{"1":8,"2":12,"3":27,"4":27,"5":7,"6":7,"7":6,"8":6,"9":6,"10":6,"11":6},"b":{"1":[7,1],"2":[12,0],"3":[7,0]},"f":{"1":8,"2":12,"3":27,"4":7,"5":0,"6":0,"7":0,"8":0,"9":0,"10":0,"11":0,"12":0,"13":0},"fnMap":{"1":{"name":"onlyAgent","line":23,"loc":{"start":{"line":23,"column":2},"end":{"line":23,"column":22}}},"2":{"name":"onlyOwner","line":32,"loc":{"start":{"line":32,"column":2},"end":{"line":32,"column":62}}},"3":{"name":"constructor","line":45,"loc":{"start":{"line":45,"column":2},"end":{"line":45,"column":52}}},"4":{"name":"createInsurancePool","line":61,"loc":{"start":{"line":61,"column":21},"end":{"line":61,"column":3}}},"5":{"name":"approveInsuranceClaim","line":85,"loc":{"start":{"line":85,"column":52},"end":{"line":85,"column":3}}},"6":{"name":"denyInsuranceClaim","line":87,"loc":{"start":{"line":87,"column":49},"end":{"line":87,"column":3}}},"7":{"name":"pauseNetwork","line":89,"loc":{"start":{"line":89,"column":43},"end":{"line":89,"column":3}}},"8":{"name":"pausePool","line":91,"loc":{"start":{"line":91,"column":40},"end":{"line":91,"column":3}}},"9":{"name":"setInsureeFee","line":93,"loc":{"start":{"line":93,"column":44},"end":{"line":93,"column":3}}},"10":{"name":"setServiceFee","line":95,"loc":{"start":{"line":95,"column":44},"end":{"line":95,"column":3}}},"11":{"name":"unpauseNetwork","line":97,"loc":{"start":{"line":97,"column":45},"end":{"line":97,"column":3}}},"12":{"name":"unpausePool","line":99,"loc":{"start":{"line":99,"column":42},"end":{"line":99,"column":3}}},"13":{"name":"updateContractImplementation","line":101,"loc":{"start":{"line":101,"column":59},"end":{"line":101,"column":3}}}},"statementMap":{"1":{"start":{"line":24,"column":4},"end":{"line":24,"column":744}},"2":{"start":{"line":33,"column":4},"end":{"line":33,"column":1040}},"3":{"start":{"line":46,"column":4},"end":{"line":46,"column":49}},"4":{"start":{"line":47,"column":4},"end":{"line":47,"column":57}},"5":{"start":{"line":62,"column":4},"end":{"line":62,"column":2144}},"6":{"start":{"line":69,"column":4},"end":{"line":69,"column":2353}},"7":{"start":{"line":77,"column":4},"end":{"line":77,"column":47}},"8":{"start":{"line":78,"column":4},"end":{"line":78,"column":50}},"9":{"start":{"line":79,"column":4},"end":{"line":79,"column":33}},"10":{"start":{"line":80,"column":4},"end":{"line":80,"column":37}},"11":{"start":{"line":82,"column":4},"end":{"line":82,"column":74}}},"branchMap":{"1":{"line":24,"type":"if","locations":[{"start":{"line":24,"column":4},"end":{"line":24,"column":4}},{"start":{"line":24,"column":4},"end":{"line":24,"column":4}}]},"2":{"line":33,"type":"if","locations":[{"start":{"line":33,"column":4},"end":{"line":33,"column":4}},{"start":{"line":33,"column":4},"end":{"line":33,"column":4}}]},"3":{"line":62,"type":"if","locations":[{"start":{"line":62,"column":4},"end":{"line":62,"column":4}},{"start":{"line":62,"column":4},"end":{"line":62,"column":4}}]}}},"contracts/test/Token.sol":{"l":{"23":24,"25":24},"path":"/mnt/d/Projects/PanDAO/pandao-contracts/contracts/test/Token.sol","s":{"1":24,"2":24},"b":{},"f":{"1":24},"fnMap":{"1":{"name":"constructor","line":20,"loc":{"start":{"line":20,"column":50},"end":{"line":20,"column":3}}}},"statementMap":{"1":{"start":{"line":23,"column":4},"end":{"line":23,"column":21}},"2":{"start":{"line":25,"column":4},"end":{"line":25,"column":28}}},"branchMap":{}},"contracts/tokens/InsuranceToken.sol":{"l":{"31":24,"49":6,"50":6,"68":6,"87":0,"106":0,"114":12},"path":"/mnt/d/Projects/PanDAO/pandao-contracts/contracts/tokens/InsuranceToken.sol","s":{"1":24,"2":6,"3":6,"4":6,"5":0,"6":0,"7":12},"b":{},"f":{"1":24,"2":6,"3":6,"4":0,"5":0,"6":12},"fnMap":{"1":{"name":"constructor","line":30,"loc":{"start":{"line":30,"column":63},"end":{"line":30,"column":3}}},"2":{"name":"approve","line":46,"loc":{"start":{"line":46,"column":4},"end":{"line":48,"column":3}}},"3":{"name":"mint","line":66,"loc":{"start":{"line":66,"column":4},"end":{"line":67,"column":3}}},"4":{"name":"pause","line":85,"loc":{"start":{"line":85,"column":4},"end":{"line":86,"column":3}}},"5":{"name":"unpause","line":104,"loc":{"start":{"line":104,"column":4},"end":{"line":105,"column":3}}},"6":{"name":"_beforeTokenTransfer","line":110,"loc":{"start":{"line":110,"column":2},"end":{"line":113,"column":5}}}},"statementMap":{"1":{"start":{"line":31,"column":4},"end":{"line":31,"column":1206}},"2":{"start":{"line":49,"column":4},"end":{"line":49,"column":35}},"3":{"start":{"line":50,"column":4},"end":{"line":50,"column":15}},"4":{"start":{"line":68,"column":4},"end":{"line":68,"column":22}},"5":{"start":{"line":87,"column":4},"end":{"line":87,"column":11}},"6":{"start":{"line":106,"column":4},"end":{"line":106,"column":13}},"7":{"start":{"line":114,"column":8},"end":{"line":114,"column":54}}},"branchMap":{}}}