{"contracts/EternalStorage.sol":{"l":{"27":0,"38":20,"45":0,"47":0,"54":110,"61":1,"68":0,"75":0,"77":0,"89":42,"97":24,"105":150,"113":3,"121":0,"129":0,"140":0,"147":0,"149":0,"156":0,"163":0,"170":0,"177":0},"path":"/mnt/d/Projects/PanDAO/pandao-contracts/contracts/EternalStorage.sol","s":{"1":20,"2":0,"3":0,"4":110,"5":1,"6":0,"7":0,"8":0,"9":42,"10":24,"11":150,"12":3,"13":0,"14":0,"15":0},"b":{"1":[0,0],"2":[0,0],"3":[0,0]},"f":{"1":0,"2":20,"3":0,"4":110,"5":1,"6":0,"7":0,"8":42,"9":24,"10":150,"11":3,"12":0,"13":0,"14":0,"15":0,"16":0,"17":0,"18":0,"19":0},"fnMap":{"1":{"name":"onlyCurrentImplementation","line":26,"loc":{"start":{"line":26,"column":2},"end":{"line":26,"column":38}}},"2":{"name":"getUint","line":37,"loc":{"start":{"line":37,"column":2},"end":{"line":37,"column":64}}},"3":{"name":"getString","line":44,"loc":{"start":{"line":44,"column":2},"end":{"line":44,"column":72}}},"4":{"name":"getAddress","line":53,"loc":{"start":{"line":53,"column":2},"end":{"line":53,"column":67}}},"5":{"name":"getBool","line":60,"loc":{"start":{"line":60,"column":2},"end":{"line":60,"column":61}}},"6":{"name":"getInt","line":67,"loc":{"start":{"line":67,"column":2},"end":{"line":67,"column":62}}},"7":{"name":"getBytes","line":74,"loc":{"start":{"line":74,"column":2},"end":{"line":74,"column":70}}},"8":{"name":"setUint","line":88,"loc":{"start":{"line":88,"column":2},"end":{"line":88,"column":57}}},"9":{"name":"setString","line":96,"loc":{"start":{"line":96,"column":2},"end":{"line":96,"column":67}}},"10":{"name":"setAddress","line":104,"loc":{"start":{"line":104,"column":2},"end":{"line":104,"column":60}}},"11":{"name":"setBool","line":112,"loc":{"start":{"line":112,"column":2},"end":{"line":112,"column":54}}},"12":{"name":"setInt","line":120,"loc":{"start":{"line":120,"column":2},"end":{"line":120,"column":55}}},"13":{"name":"setBytes","line":128,"loc":{"start":{"line":128,"column":2},"end":{"line":128,"column":65}}},"14":{"name":"deleteUint","line":139,"loc":{"start":{"line":139,"column":2},"end":{"line":139,"column":44}}},"15":{"name":"deleteString","line":146,"loc":{"start":{"line":146,"column":2},"end":{"line":146,"column":46}}},"16":{"name":"deleteAddress","line":155,"loc":{"start":{"line":155,"column":2},"end":{"line":155,"column":47}}},"17":{"name":"deleteBool","line":162,"loc":{"start":{"line":162,"column":2},"end":{"line":162,"column":44}}},"18":{"name":"deleteInt","line":169,"loc":{"start":{"line":169,"column":2},"end":{"line":169,"column":43}}},"19":{"name":"deleteBytes","line":176,"loc":{"start":{"line":176,"column":2},"end":{"line":176,"column":45}}}},"statementMap":{"1":{"start":{"line":38,"column":4},"end":{"line":38,"column":30}},"2":{"start":{"line":45,"column":4},"end":{"line":45,"column":48}},"3":{"start":{"line":47,"column":4},"end":{"line":47,"column":32}},"4":{"start":{"line":54,"column":4},"end":{"line":54,"column":33}},"5":{"start":{"line":61,"column":4},"end":{"line":61,"column":30}},"6":{"start":{"line":68,"column":4},"end":{"line":68,"column":29}},"7":{"start":{"line":75,"column":4},"end":{"line":75,"column":48}},"8":{"start":{"line":77,"column":4},"end":{"line":77,"column":31}},"9":{"start":{"line":89,"column":4},"end":{"line":89,"column":31}},"10":{"start":{"line":97,"column":4},"end":{"line":97,"column":33}},"11":{"start":{"line":105,"column":4},"end":{"line":105,"column":34}},"12":{"start":{"line":113,"column":4},"end":{"line":113,"column":31}},"13":{"start":{"line":121,"column":4},"end":{"line":121,"column":30}},"14":{"start":{"line":129,"column":4},"end":{"line":129,"column":32}},"15":{"start":{"line":147,"column":4},"end":{"line":147,"column":48}}},"branchMap":{"1":{"line":45,"type":"if","locations":[{"start":{"line":45,"column":4},"end":{"line":45,"column":4}},{"start":{"line":45,"column":4},"end":{"line":45,"column":4}}]},"2":{"line":75,"type":"if","locations":[{"start":{"line":75,"column":4},"end":{"line":75,"column":4}},{"start":{"line":75,"column":4},"end":{"line":75,"column":4}}]},"3":{"line":147,"type":"if","locations":[{"start":{"line":147,"column":4},"end":{"line":147,"column":4}},{"start":{"line":147,"column":4},"end":{"line":147,"column":4}}]}}},"contracts/factories/TokenFactory.sol":{"l":{"15":12,"17":12,"21":12,"25":3,"26":3,"34":12,"39":12,"41":12,"47":12,"49":12},"path":"/mnt/d/Projects/PanDAO/pandao-contracts/contracts/factories/TokenFactory.sol","s":{"1":12,"2":12,"3":3,"4":3,"5":12,"6":12,"7":12,"8":12,"9":12},"b":{"1":[12,0]},"f":{"1":12,"2":3,"3":12},"fnMap":{"1":{"name":"onlyPools","line":14,"loc":{"start":{"line":14,"column":2},"end":{"line":14,"column":66}}},"2":{"name":"constructor","line":24,"loc":{"start":{"line":24,"column":2},"end":{"line":24,"column":52}}},"3":{"name":"createTokens","line":33,"loc":{"start":{"line":33,"column":55},"end":{"line":33,"column":30}}}},"statementMap":{"1":{"start":{"line":17,"column":4},"end":{"line":17,"column":430}},"2":{"start":{"line":21,"column":4},"end":{"line":21,"column":57}},"3":{"start":{"line":25,"column":4},"end":{"line":25,"column":49}},"4":{"start":{"line":26,"column":4},"end":{"line":26,"column":58}},"5":{"start":{"line":34,"column":4},"end":{"line":34,"column":1050}},"6":{"start":{"line":39,"column":4},"end":{"line":39,"column":39}},"7":{"start":{"line":41,"column":4},"end":{"line":41,"column":1263}},"8":{"start":{"line":47,"column":4},"end":{"line":47,"column":36}},"9":{"start":{"line":49,"column":4},"end":{"line":49,"column":17}}},"branchMap":{"1":{"line":21,"type":"if","locations":[{"start":{"line":21,"column":4},"end":{"line":21,"column":4}},{"start":{"line":21,"column":4},"end":{"line":21,"column":4}}]}}},"contracts/InsurancePool.sol":{"l":{"51":13,"53":13,"57":13,"59":12,"67":12,"69":12,"73":12,"79":12,"90":12,"107":6,"111":6,"112":6,"114":6,"115":6,"116":6,"118":6,"125":6,"144":3,"148":3,"149":3,"151":3,"152":3,"153":3,"155":3,"162":3},"path":"/mnt/d/Projects/PanDAO/pandao-contracts/contracts/InsurancePool.sol","s":{"1":13,"2":13,"3":13,"4":12,"5":12,"6":12,"7":12,"8":12,"9":12,"10":6,"11":6,"12":6,"13":6,"14":6,"15":6,"16":6,"17":6,"18":3,"19":3,"20":3,"21":3,"22":3,"23":3,"24":3,"25":3},"b":{"1":[12,1],"2":[12,0]},"f":{"1":13,"2":6,"3":0,"4":0,"5":3,"6":0},"fnMap":{"1":{"name":"constructor","line":44,"loc":{"start":{"line":44,"column":2},"end":{"line":50,"column":12}}},"2":{"name":"addLiquidity","line":102,"loc":{"start":{"line":102,"column":2},"end":{"line":106,"column":20}}},"3":{"name":"buyInsurance","line":133,"loc":{"start":{"line":133,"column":2},"end":{"line":133,"column":32}}},"4":{"name":"createClaim","line":135,"loc":{"start":{"line":135,"column":2},"end":{"line":135,"column":31}}},"5":{"name":"removeLiquidity","line":137,"loc":{"start":{"line":137,"column":2},"end":{"line":141,"column":20}}},"6":{"name":"settlement","line":170,"loc":{"start":{"line":170,"column":2},"end":{"line":170,"column":30}}}},"statementMap":{"1":{"start":{"line":51,"column":4},"end":{"line":51,"column":58}},"2":{"start":{"line":53,"column":4},"end":{"line":53,"column":1654}},"3":{"start":{"line":57,"column":4},"end":{"line":57,"column":96}},"4":{"start":{"line":59,"column":4},"end":{"line":59,"column":1913}},"5":{"start":{"line":67,"column":4},"end":{"line":67,"column":83}},"6":{"start":{"line":69,"column":4},"end":{"line":69,"column":2274}},"7":{"start":{"line":73,"column":4},"end":{"line":73,"column":2425}},"8":{"start":{"line":79,"column":4},"end":{"line":79,"column":2574}},"9":{"start":{"line":90,"column":4},"end":{"line":90,"column":2812}},"10":{"start":{"line":107,"column":4},"end":{"line":107,"column":3340}},"11":{"start":{"line":111,"column":4},"end":{"line":111,"column":52}},"12":{"start":{"line":112,"column":4},"end":{"line":112,"column":79}},"13":{"start":{"line":114,"column":4},"end":{"line":114,"column":73}},"14":{"start":{"line":115,"column":4},"end":{"line":115,"column":58}},"15":{"start":{"line":116,"column":4},"end":{"line":116,"column":76}},"16":{"start":{"line":118,"column":4},"end":{"line":118,"column":3863}},"17":{"start":{"line":125,"column":4},"end":{"line":125,"column":4008}},"18":{"start":{"line":144,"column":4},"end":{"line":144,"column":4488}},"19":{"start":{"line":148,"column":4},"end":{"line":148,"column":52}},"20":{"start":{"line":149,"column":4},"end":{"line":149,"column":60}},"21":{"start":{"line":151,"column":4},"end":{"line":151,"column":73}},"22":{"start":{"line":152,"column":4},"end":{"line":152,"column":81}},"23":{"start":{"line":153,"column":4},"end":{"line":153,"column":31}},"24":{"start":{"line":155,"column":4},"end":{"line":155,"column":4970}},"25":{"start":{"line":162,"column":4},"end":{"line":162,"column":5118}}},"branchMap":{"1":{"line":57,"type":"if","locations":[{"start":{"line":57,"column":4},"end":{"line":57,"column":4}},{"start":{"line":57,"column":4},"end":{"line":57,"column":4}}]},"2":{"line":67,"type":"if","locations":[{"start":{"line":67,"column":4},"end":{"line":67,"column":4}},{"start":{"line":67,"column":4},"end":{"line":67,"column":4}}]}}},"contracts/lib/PoolsHelper.sol":{"l":{"17":12,"22":12,"29":12,"31":12,"42":12,"47":12,"54":12,"56":12},"path":"/mnt/d/Projects/PanDAO/pandao-contracts/contracts/lib/PoolsHelper.sol","s":{"1":12,"2":12,"3":12,"4":12,"5":12,"6":12,"7":12,"8":12},"b":{},"f":{"1":12,"2":12},"fnMap":{"1":{"name":"createClaimsToken","line":12,"loc":{"start":{"line":12,"column":2},"end":{"line":16,"column":51}}},"2":{"name":"createLiquidityToken","line":37,"loc":{"start":{"line":37,"column":2},"end":{"line":41,"column":54}}}},"statementMap":{"1":{"start":{"line":17,"column":4},"end":{"line":17,"column":591}},"2":{"start":{"line":22,"column":4},"end":{"line":22,"column":720}},"3":{"start":{"line":29,"column":4},"end":{"line":29,"column":85}},"4":{"start":{"line":31,"column":4},"end":{"line":31,"column":22}},"5":{"start":{"line":42,"column":4},"end":{"line":42,"column":1370}},"6":{"start":{"line":47,"column":4},"end":{"line":47,"column":1505}},"7":{"start":{"line":54,"column":4},"end":{"line":54,"column":94}},"8":{"start":{"line":56,"column":4},"end":{"line":56,"column":25}}},"branchMap":{}},"contracts/lib/StorageHelper.sol":{"l":{"20":12,"24":12,"25":12,"31":12,"35":12,"40":12,"64":12,"68":12,"72":12,"76":12,"80":12,"84":12,"88":12,"101":6,"104":6,"105":6,"110":6,"117":6,"118":6,"119":6,"128":3,"131":3,"132":3,"137":3,"144":3,"145":3,"146":3,"155":248,"159":0,"167":0,"175":36,"183":0,"188":8},"path":"/mnt/d/Projects/PanDAO/pandao-contracts/contracts/lib/StorageHelper.sol","s":{"1":12,"2":12,"3":12,"4":12,"5":12,"6":12,"7":12,"8":12,"9":12,"10":12,"11":12,"12":12,"13":12,"14":6,"15":6,"16":6,"17":6,"18":6,"19":6,"20":6,"21":3,"22":3,"23":3,"24":3,"25":3,"26":3,"27":3,"28":248,"29":0,"30":0,"31":36,"32":0,"33":8},"b":{},"f":{"1":12,"2":12,"3":6,"4":3,"5":248,"6":0,"7":0,"8":36,"9":0,"10":8},"fnMap":{"1":{"name":"initializeInsurancePool","line":12,"loc":{"start":{"line":12,"column":2},"end":{"line":18,"column":29}}},"2":{"name":"saveInsurancePool","line":53,"loc":{"start":{"line":53,"column":2},"end":{"line":62,"column":14}}},"3":{"name":"addLiquidity","line":95,"loc":{"start":{"line":95,"column":2},"end":{"line":100,"column":14}}},"4":{"name":"removeLiquidity","line":122,"loc":{"start":{"line":122,"column":2},"end":{"line":127,"column":14}}},"5":{"name":"formatAddress","line":150,"loc":{"start":{"line":150,"column":2},"end":{"line":154,"column":3}}},"6":{"name":"formatBool","line":158,"loc":{"start":{"line":158,"column":2},"end":{"line":158,"column":98}}},"7":{"name":"formatInt","line":162,"loc":{"start":{"line":162,"column":2},"end":{"line":166,"column":3}}},"8":{"name":"formatString","line":170,"loc":{"start":{"line":170,"column":2},"end":{"line":174,"column":3}}},"9":{"name":"formatUint","line":178,"loc":{"start":{"line":178,"column":2},"end":{"line":182,"column":3}}},"10":{"name":"formatGet","line":187,"loc":{"start":{"line":187,"column":2},"end":{"line":187,"column":77}}}},"statementMap":{"1":{"start":{"line":20,"column":4},"end":{"line":20,"column":820}},"2":{"start":{"line":24,"column":4},"end":{"line":24,"column":93}},"3":{"start":{"line":25,"column":4},"end":{"line":25,"column":1045}},"4":{"start":{"line":31,"column":4},"end":{"line":31,"column":1235}},"5":{"start":{"line":35,"column":4},"end":{"line":35,"column":1363}},"6":{"start":{"line":40,"column":4},"end":{"line":40,"column":15}},"7":{"start":{"line":64,"column":4},"end":{"line":64,"column":2539}},"8":{"start":{"line":68,"column":4},"end":{"line":68,"column":2687}},"9":{"start":{"line":72,"column":4},"end":{"line":72,"column":2829}},"10":{"start":{"line":76,"column":4},"end":{"line":76,"column":2969}},"11":{"start":{"line":80,"column":4},"end":{"line":80,"column":3113}},"12":{"start":{"line":84,"column":4},"end":{"line":84,"column":3261}},"13":{"start":{"line":88,"column":4},"end":{"line":88,"column":3399}},"14":{"start":{"line":101,"column":4},"end":{"line":101,"column":3828}},"15":{"start":{"line":104,"column":4},"end":{"line":104,"column":46}},"16":{"start":{"line":105,"column":4},"end":{"line":105,"column":4001}},"17":{"start":{"line":110,"column":4},"end":{"line":110,"column":4134}},"18":{"start":{"line":117,"column":4},"end":{"line":117,"column":70}},"19":{"start":{"line":118,"column":4},"end":{"line":118,"column":54}},"20":{"start":{"line":119,"column":4},"end":{"line":119,"column":67}},"21":{"start":{"line":128,"column":4},"end":{"line":128,"column":4741}},"22":{"start":{"line":131,"column":4},"end":{"line":131,"column":46}},"23":{"start":{"line":132,"column":4},"end":{"line":132,"column":4914}},"24":{"start":{"line":137,"column":4},"end":{"line":137,"column":5047}},"25":{"start":{"line":144,"column":4},"end":{"line":144,"column":70}},"26":{"start":{"line":145,"column":4},"end":{"line":145,"column":54}},"27":{"start":{"line":146,"column":4},"end":{"line":146,"column":67}},"28":{"start":{"line":155,"column":4},"end":{"line":155,"column":58}},"29":{"start":{"line":159,"column":4},"end":{"line":159,"column":58}},"30":{"start":{"line":167,"column":4},"end":{"line":167,"column":58}},"31":{"start":{"line":175,"column":4},"end":{"line":175,"column":58}},"32":{"start":{"line":183,"column":4},"end":{"line":183,"column":58}},"33":{"start":{"line":188,"column":4},"end":{"line":188,"column":43}}},"branchMap":{}},"contracts/lib/StringHelper.sol":{"l":{"5":33,"10":9},"path":"/mnt/d/Projects/PanDAO/pandao-contracts/contracts/lib/StringHelper.sol","s":{"1":33,"2":9},"b":{},"f":{"1":33,"2":9},"fnMap":{"1":{"name":"concat","line":4,"loc":{"start":{"line":4,"column":2},"end":{"line":4,"column":89}}},"2":{"name":"toString","line":9,"loc":{"start":{"line":9,"column":2},"end":{"line":9,"column":74}}}},"statementMap":{"1":{"start":{"line":5,"column":4},"end":{"line":5,"column":41}},"2":{"start":{"line":10,"column":4},"end":{"line":10,"column":44}}},"branchMap":{}},"contracts/Manager.sol":{"l":{"22":8,"26":7,"31":12,"36":12,"44":27,"45":27,"60":7,"67":7,"75":6,"76":6,"77":6,"78":6,"80":6},"path":"/mnt/d/Projects/PanDAO/pandao-contracts/contracts/Manager.sol","s":{"1":8,"2":12,"3":27,"4":27,"5":7,"6":7,"7":6,"8":6,"9":6,"10":6,"11":6},"b":{"1":[7,1],"2":[12,0],"3":[7,0]},"f":{"1":8,"2":12,"3":27,"4":7,"5":0,"6":0,"7":0,"8":0,"9":0,"10":0,"11":0,"12":0,"13":0},"fnMap":{"1":{"name":"onlyAgent","line":21,"loc":{"start":{"line":21,"column":2},"end":{"line":21,"column":22}}},"2":{"name":"onlyOwner","line":30,"loc":{"start":{"line":30,"column":2},"end":{"line":30,"column":62}}},"3":{"name":"constructor","line":43,"loc":{"start":{"line":43,"column":2},"end":{"line":43,"column":52}}},"4":{"name":"createInsurancePool","line":59,"loc":{"start":{"line":59,"column":21},"end":{"line":59,"column":3}}},"5":{"name":"approveInsuranceClaim","line":83,"loc":{"start":{"line":83,"column":52},"end":{"line":83,"column":3}}},"6":{"name":"denyInsuranceClaim","line":85,"loc":{"start":{"line":85,"column":49},"end":{"line":85,"column":3}}},"7":{"name":"pauseNetwork","line":87,"loc":{"start":{"line":87,"column":43},"end":{"line":87,"column":3}}},"8":{"name":"pausePool","line":89,"loc":{"start":{"line":89,"column":40},"end":{"line":89,"column":3}}},"9":{"name":"setInsureeFee","line":91,"loc":{"start":{"line":91,"column":44},"end":{"line":91,"column":3}}},"10":{"name":"setServiceFee","line":93,"loc":{"start":{"line":93,"column":44},"end":{"line":93,"column":3}}},"11":{"name":"unpauseNetwork","line":95,"loc":{"start":{"line":95,"column":45},"end":{"line":95,"column":3}}},"12":{"name":"unpausePool","line":97,"loc":{"start":{"line":97,"column":42},"end":{"line":97,"column":3}}},"13":{"name":"updateContractImplementation","line":99,"loc":{"start":{"line":99,"column":59},"end":{"line":99,"column":3}}}},"statementMap":{"1":{"start":{"line":22,"column":4},"end":{"line":22,"column":707}},"2":{"start":{"line":31,"column":4},"end":{"line":31,"column":1003}},"3":{"start":{"line":44,"column":4},"end":{"line":44,"column":49}},"4":{"start":{"line":45,"column":4},"end":{"line":45,"column":57}},"5":{"start":{"line":60,"column":4},"end":{"line":60,"column":2107}},"6":{"start":{"line":67,"column":4},"end":{"line":67,"column":2316}},"7":{"start":{"line":75,"column":4},"end":{"line":75,"column":47}},"8":{"start":{"line":76,"column":4},"end":{"line":76,"column":50}},"9":{"start":{"line":77,"column":4},"end":{"line":77,"column":33}},"10":{"start":{"line":78,"column":4},"end":{"line":78,"column":37}},"11":{"start":{"line":80,"column":4},"end":{"line":80,"column":74}}},"branchMap":{"1":{"line":22,"type":"if","locations":[{"start":{"line":22,"column":4},"end":{"line":22,"column":4}},{"start":{"line":22,"column":4},"end":{"line":22,"column":4}}]},"2":{"line":31,"type":"if","locations":[{"start":{"line":31,"column":4},"end":{"line":31,"column":4}},{"start":{"line":31,"column":4},"end":{"line":31,"column":4}}]},"3":{"line":60,"type":"if","locations":[{"start":{"line":60,"column":4},"end":{"line":60,"column":4}},{"start":{"line":60,"column":4},"end":{"line":60,"column":4}}]}}},"contracts/test/Token.sol":{"l":{"23":24,"25":24},"path":"/mnt/d/Projects/PanDAO/pandao-contracts/contracts/test/Token.sol","s":{"1":24,"2":24},"b":{},"f":{"1":24},"fnMap":{"1":{"name":"constructor","line":20,"loc":{"start":{"line":20,"column":50},"end":{"line":20,"column":3}}}},"statementMap":{"1":{"start":{"line":23,"column":4},"end":{"line":23,"column":21}},"2":{"start":{"line":25,"column":4},"end":{"line":25,"column":28}}},"branchMap":{}},"contracts/tokens/InsuranceToken.sol":{"l":{"31":24,"49":6,"50":6,"68":6,"87":0,"106":0,"114":12},"path":"/mnt/d/Projects/PanDAO/pandao-contracts/contracts/tokens/InsuranceToken.sol","s":{"1":24,"2":6,"3":6,"4":6,"5":0,"6":0,"7":12},"b":{},"f":{"1":24,"2":6,"3":6,"4":0,"5":0,"6":12},"fnMap":{"1":{"name":"constructor","line":30,"loc":{"start":{"line":30,"column":63},"end":{"line":30,"column":3}}},"2":{"name":"approve","line":46,"loc":{"start":{"line":46,"column":4},"end":{"line":48,"column":3}}},"3":{"name":"mint","line":66,"loc":{"start":{"line":66,"column":4},"end":{"line":67,"column":3}}},"4":{"name":"pause","line":85,"loc":{"start":{"line":85,"column":4},"end":{"line":86,"column":3}}},"5":{"name":"unpause","line":104,"loc":{"start":{"line":104,"column":4},"end":{"line":105,"column":3}}},"6":{"name":"_beforeTokenTransfer","line":110,"loc":{"start":{"line":110,"column":2},"end":{"line":113,"column":5}}}},"statementMap":{"1":{"start":{"line":31,"column":4},"end":{"line":31,"column":1206}},"2":{"start":{"line":49,"column":4},"end":{"line":49,"column":35}},"3":{"start":{"line":50,"column":4},"end":{"line":50,"column":15}},"4":{"start":{"line":68,"column":4},"end":{"line":68,"column":22}},"5":{"start":{"line":87,"column":4},"end":{"line":87,"column":11}},"6":{"start":{"line":106,"column":4},"end":{"line":106,"column":13}},"7":{"start":{"line":114,"column":8},"end":{"line":114,"column":54}}},"branchMap":{}}}